
8월 25, 2023 09:32:23.800 NEW SESSION
8월 25, 2023 09:32:23.800 INFO: Created TensorFlow Lite XNNPACK delegate for CPU.
8월 25, 2023 09:39:21.588 [11532:10184:0825/093921.588:ERROR:cert_verify_proc_builtin.cc(701)] CertVerifyProcBuiltin for beacons.gcp.gvt2.com failed:
8월 25, 2023 09:39:21.588 ----- Certificate i=0 (CN=*.gcp.gvt2.com) -----
8월 25, 2023 09:39:21.589 ERROR: Time is after notAfter
8월 25, 2023 09:39:21.589 
8월 25, 2023 09:39:21.589 
8월 25, 2023 10:20:54.525 [11532:10184:0825/102054.525:ERROR:cert_verify_proc_builtin.cc(701)] CertVerifyProcBuiltin for beacons.gcp.gvt2.com failed:
8월 25, 2023 10:20:54.526 ----- Certificate i=0 (CN=*.gcp.gvt2.com) -----
8월 25, 2023 10:20:54.526 ERROR: Time is after notAfter
8월 25, 2023 10:20:54.527 
8월 25, 2023 10:20:54.527 
8월 25, 2023 10:46:28.735 [11532:10184:0825/104628.735:ERROR:cert_verify_proc_builtin.cc(701)] CertVerifyProcBuiltin for e2c52.gcp.gvt2.com failed:
8월 25, 2023 10:46:28.736 ----- Certificate i=0 (CN=*.gcp.gvt2.com) -----
8월 25, 2023 10:46:28.736 ERROR: Time is after notAfter
8월 25, 2023 10:46:28.736 
8월 25, 2023 10:46:28.736 
8월 25, 2023 11:08:13.713 [11532:10184:0825/110813.713:ERROR:cert_verify_proc_builtin.cc(701)] CertVerifyProcBuiltin for beacons.gcp.gvt2.com failed:
8월 25, 2023 11:08:13.713 ----- Certificate i=0 (CN=*.gcp.gvt2.com) -----
8월 25, 2023 11:08:13.713 ERROR: Time is after notAfter
8월 25, 2023 11:08:13.714 
8월 25, 2023 11:08:13.714 
8월 25, 2023 11:52:46.993 [11532:9592:0825/115246.993:ERROR:cert_verify_proc_builtin.cc(701)] CertVerifyProcBuiltin for e2c7.gcp.gvt2.com failed:
8월 25, 2023 11:52:46.994 ----- Certificate i=0 (CN=*.gcp.gvt2.com) -----
8월 25, 2023 11:52:46.994 ERROR: Time is after notAfter
8월 25, 2023 11:52:46.994 
8월 25, 2023 11:52:46.995 
8월 25, 2023 11:53:55.954 [11532:10184:0825/115355.954:ERROR:cert_verify_proc_builtin.cc(701)] CertVerifyProcBuiltin for beacons.gcp.gvt2.com failed:
8월 25, 2023 11:53:55.954 ----- Certificate i=0 (CN=*.gcp.gvt2.com) -----
8월 25, 2023 11:53:55.954 ERROR: Time is after notAfter
8월 25, 2023 11:53:55.955 
8월 25, 2023 11:53:55.955 
8월 25, 2023 12:16:28.303 [11532:10184:0825/121628.302:ERROR:cert_verify_proc_builtin.cc(701)] CertVerifyProcBuiltin for e2c55.gcp.gvt2.com failed:
8월 25, 2023 12:16:28.303 ----- Certificate i=0 (CN=*.gcp.gvt2.com) -----
8월 25, 2023 12:16:28.304 ERROR: Time is after notAfter
8월 25, 2023 12:16:28.304 
8월 25, 2023 12:16:28.304 
8월 25, 2023 12:46:00.100 [11532:10184:0825/124600.100:ERROR:cert_verify_proc_builtin.cc(701)] CertVerifyProcBuiltin for beacons.gcp.gvt2.com failed:
8월 25, 2023 12:46:00.101 ----- Certificate i=0 (CN=*.gcp.gvt2.com) -----
8월 25, 2023 12:46:00.101 ERROR: Time is after notAfter
8월 25, 2023 12:46:00.101 
8월 25, 2023 12:46:00.102 
8월 25, 2023 12:46:00.780 [11532:10184:0825/124600.780:ERROR:cert_verify_proc_builtin.cc(701)] CertVerifyProcBuiltin for e2c50.gcp.gvt2.com failed:
8월 25, 2023 12:46:00.781 ----- Certificate i=0 (CN=*.gcp.gvt2.com) -----
8월 25, 2023 12:46:00.781 ERROR: Time is after notAfter
8월 25, 2023 12:46:00.781 
8월 25, 2023 12:46:00.781 
8월 25, 2023 13:16:01.768 [11532:10184:0825/131601.767:ERROR:cert_verify_proc_builtin.cc(701)] CertVerifyProcBuiltin for beacons.gcp.gvt2.com failed:
8월 25, 2023 13:16:01.768 ----- Certificate i=0 (CN=*.gcp.gvt2.com) -----
8월 25, 2023 13:16:01.768 ERROR: Time is after notAfter
8월 25, 2023 13:16:01.769 
8월 25, 2023 13:16:01.769 
8월 25, 2023 13:32:47.615 [11532:10184:0825/133247.614:ERROR:cert_verify_proc_builtin.cc(701)] CertVerifyProcBuiltin for e2c62.gcp.gvt2.com failed:
8월 25, 2023 13:32:47.615 ----- Certificate i=0 (CN=*.gcp.gvt2.com) -----
8월 25, 2023 13:32:47.615 ERROR: Time is after notAfter
8월 25, 2023 13:32:47.615 
8월 25, 2023 13:32:47.616 
8월 25, 2023 13:35:04.435 [11532:10184:0825/133504.435:ERROR:cert_verify_proc_builtin.cc(701)] CertVerifyProcBuiltin for e2c1.gcp.gvt2.com failed:
8월 25, 2023 13:35:04.436 ----- Certificate i=0 (CN=*.gcp.gvt2.com) -----
8월 25, 2023 13:35:04.436 ERROR: Time is after notAfter
8월 25, 2023 13:35:04.436 
8월 25, 2023 13:35:04.436 
8월 25, 2023 13:49:45.851 [11532:10184:0825/134945.851:ERROR:cert_verify_proc_builtin.cc(701)] CertVerifyProcBuiltin for beacons.gcp.gvt2.com failed:
8월 25, 2023 13:49:45.852 ----- Certificate i=0 (CN=*.gcp.gvt2.com) -----
8월 25, 2023 13:49:45.852 ERROR: Time is after notAfter
8월 25, 2023 13:49:45.852 
8월 25, 2023 13:49:45.852 
8월 25, 2023 13:59:04.501 [11532:10184:0825/135904.501:ERROR:cert_verify_proc_builtin.cc(701)] CertVerifyProcBuiltin for e2c8.gcp.gvt2.com failed:
8월 25, 2023 13:59:04.501 ----- Certificate i=0 (CN=*.gcp.gvt2.com) -----
8월 25, 2023 13:59:04.501 ERROR: Time is after notAfter
8월 25, 2023 13:59:04.502 
8월 25, 2023 13:59:04.502 
8월 25, 2023 14:26:24.11 [11532:10184:0825/142624.011:ERROR:cert_verify_proc_builtin.cc(701)] CertVerifyProcBuiltin for beacons.gcp.gvt2.com failed:
8월 25, 2023 14:26:24.11 ----- Certificate i=0 (CN=*.gcp.gvt2.com) -----
8월 25, 2023 14:26:24.11 ERROR: Time is after notAfter
8월 25, 2023 14:26:24.12 
8월 25, 2023 14:26:24.12 
8월 25, 2023 14:27:28.483 [11532:9592:0825/142728.483:ERROR:cert_verify_proc_builtin.cc(701)] CertVerifyProcBuiltin for e2c56.gcp.gvt2.com failed:
8월 25, 2023 14:27:28.483 ----- Certificate i=0 (CN=*.gcp.gvt2.com) -----
8월 25, 2023 14:27:28.484 ERROR: Time is after notAfter
8월 25, 2023 14:27:28.484 
8월 25, 2023 14:27:28.484 
8월 25, 2023 14:27:29.209 [11532:10184:0825/142729.208:ERROR:cert_verify_proc_builtin.cc(701)] CertVerifyProcBuiltin for e2c24.gcp.gvt2.com failed:
8월 25, 2023 14:27:29.209 ----- Certificate i=0 (CN=*.gcp.gvt2.com) -----
8월 25, 2023 14:27:29.209 ERROR: Time is after notAfter
8월 25, 2023 14:27:29.209 
8월 25, 2023 14:27:29.210 
8월 25, 2023 14:28:16.529 [11532:10184:0825/142816.529:ERROR:cert_verify_proc_builtin.cc(701)] CertVerifyProcBuiltin for e2c28.gcp.gvt2.com failed:
8월 25, 2023 14:28:16.529 ----- Certificate i=0 (CN=*.gcp.gvt2.com) -----
8월 25, 2023 14:28:16.529 ERROR: Time is after notAfter
8월 25, 2023 14:28:16.530 
8월 25, 2023 14:28:16.530 
8월 25, 2023 14:46:08.595 [11532:10184:0825/144608.594:ERROR:cert_verify_proc_builtin.cc(701)] CertVerifyProcBuiltin for e2c63.gcp.gvt2.com failed:
8월 25, 2023 14:46:08.595 ----- Certificate i=0 (CN=*.gcp.gvt2.com) -----
8월 25, 2023 14:46:08.595 ERROR: Time is after notAfter
8월 25, 2023 14:46:08.595 
8월 25, 2023 14:46:08.596 
8월 25, 2023 15:25:36.616 [11532:10184:0825/152536.616:ERROR:cert_verify_proc_builtin.cc(701)] CertVerifyProcBuiltin for e2c32.gcp.gvt2.com failed:
8월 25, 2023 15:25:36.617 ----- Certificate i=0 (CN=*.gcp.gvt2.com) -----
8월 25, 2023 15:25:36.617 ERROR: Time is after notAfter
8월 25, 2023 15:25:36.617 
8월 25, 2023 15:25:36.617 
8월 25, 2023 15:29:13.12 [11532:10184:0825/152913.011:ERROR:cert_verify_proc_builtin.cc(701)] CertVerifyProcBuiltin for beacons.gcp.gvt2.com failed:
8월 25, 2023 15:29:13.12 ----- Certificate i=0 (CN=*.gcp.gvt2.com) -----
8월 25, 2023 15:29:13.12 ERROR: Time is after notAfter
8월 25, 2023 15:29:13.13 
8월 25, 2023 15:29:13.13 
8월 25, 2023 15:51:03.935 [11532:10184:0825/155103.935:ERROR:cert_verify_proc_builtin.cc(701)] CertVerifyProcBuiltin for e2c61.gcp.gvt2.com failed:
8월 25, 2023 15:51:03.935 ----- Certificate i=0 (CN=*.gcp.gvt2.com) -----
8월 25, 2023 15:51:03.936 ERROR: Time is after notAfter
8월 25, 2023 15:51:03.936 
8월 25, 2023 15:51:03.936 
8월 25, 2023 15:52:23.757 [11532:10184:0825/155223.757:ERROR:cert_verify_proc_builtin.cc(701)] CertVerifyProcBuiltin for e2c53.gcp.gvt2.com failed:
8월 25, 2023 15:52:23.758 ----- Certificate i=0 (CN=*.gcp.gvt2.com) -----
8월 25, 2023 15:52:23.758 ERROR: Time is after notAfter
8월 25, 2023 15:52:23.758 
8월 25, 2023 15:52:23.758 
8월 25, 2023 15:52:33.256 [11532:10184:0825/155233.256:ERROR:cert_verify_proc_builtin.cc(701)] CertVerifyProcBuiltin for e2cs26.gcp.gvt2.com failed:
8월 25, 2023 15:52:33.256 ----- Certificate i=0 (CN=*.gcp.gvt2.com) -----
8월 25, 2023 15:52:33.256 ERROR: Time is after notAfter
8월 25, 2023 15:52:33.257 
8월 25, 2023 15:52:33.257 
8월 25, 2023 16:27:48.902 [11532:10184:0825/162748.902:ERROR:cert_verify_proc_builtin.cc(701)] CertVerifyProcBuiltin for e2c56.gcp.gvt2.com failed:
8월 25, 2023 16:27:48.902 ----- Certificate i=0 (CN=*.gcp.gvt2.com) -----
8월 25, 2023 16:27:48.902 ERROR: Time is after notAfter
8월 25, 2023 16:27:48.903 
8월 25, 2023 16:27:48.903 
8월 25, 2023 16:32:49.986 [11532:10184:0825/163249.985:ERROR:cert_verify_proc_builtin.cc(701)] CertVerifyProcBuiltin for e2c10.gcp.gvt2.com failed:
8월 25, 2023 16:32:49.986 ----- Certificate i=0 (CN=*.gcp.gvt2.com) -----
8월 25, 2023 16:32:49.986 ERROR: Time is after notAfter
8월 25, 2023 16:32:49.986 
8월 25, 2023 16:32:49.987 
8월 25, 2023 16:35:49.792 [11532:10184:0825/163549.792:ERROR:cert_verify_proc_builtin.cc(701)] CertVerifyProcBuiltin for e2c27.gcp.gvt2.com failed:
8월 25, 2023 16:35:49.792 ----- Certificate i=0 (CN=*.gcp.gvt2.com) -----
8월 25, 2023 16:35:49.792 ERROR: Time is after notAfter
8월 25, 2023 16:35:49.793 
8월 25, 2023 16:35:49.793 
8월 25, 2023 16:35:57.248 [11532:10184:0825/163557.248:ERROR:cert_verify_proc_builtin.cc(701)] CertVerifyProcBuiltin for e2c57.gcp.gvt2.com failed:
8월 25, 2023 16:35:57.248 ----- Certificate i=0 (CN=*.gcp.gvt2.com) -----
8월 25, 2023 16:35:57.248 ERROR: Time is after notAfter
8월 25, 2023 16:35:57.249 
8월 25, 2023 16:35:57.249 
8월 25, 2023 16:40:33.234 [11532:10184:0825/164033.234:ERROR:cert_verify_proc_builtin.cc(701)] CertVerifyProcBuiltin for beacons.gcp.gvt2.com failed:
8월 25, 2023 16:40:33.234 ----- Certificate i=0 (CN=*.gcp.gvt2.com) -----
8월 25, 2023 16:40:33.235 ERROR: Time is after notAfter
8월 25, 2023 16:40:33.235 
8월 25, 2023 16:40:33.235 
8월 25, 2023 16:46:54.146 [11532:10184:0825/164654.146:ERROR:cert_verify_proc_builtin.cc(701)] CertVerifyProcBuiltin for e2c6.gcp.gvt2.com failed:
8월 25, 2023 16:46:54.146 ----- Certificate i=0 (CN=*.gcp.gvt2.com) -----
8월 25, 2023 16:46:54.146 ERROR: Time is after notAfter
8월 25, 2023 16:46:54.147 
8월 25, 2023 16:46:54.147 
8월 25, 2023 16:51:27.281 [11532:740:0825/165127.281:ERROR:interface_endpoint_client.cc(702)] Message 0 rejected by interface blink.mojom.WidgetHost
8월 25, 2023 17:42:38.539 [11532:10184:0825/174238.539:ERROR:cert_verify_proc_builtin.cc(701)] CertVerifyProcBuiltin for beacons.gcp.gvt2.com failed:
8월 25, 2023 17:42:38.539 ----- Certificate i=0 (CN=*.gcp.gvt2.com) -----
8월 25, 2023 17:42:38.540 ERROR: Time is after notAfter
8월 25, 2023 17:42:38.540 
8월 25, 2023 17:42:38.540 
8월 25, 2023 17:48:38.809 [11532:10184:0825/174838.809:ERROR:cert_verify_proc_builtin.cc(701)] CertVerifyProcBuiltin for e2c43.gcp.gvt2.com failed:
8월 25, 2023 17:48:38.809 ----- Certificate i=0 (CN=*.gcp.gvt2.com) -----
8월 25, 2023 17:48:38.809 ERROR: Time is after notAfter
8월 25, 2023 17:48:38.810 
8월 25, 2023 17:48:38.810 
8월 25, 2023 17:51:42.453 [11532:10184:0825/175142.453:ERROR:cert_verify_proc_builtin.cc(701)] CertVerifyProcBuiltin for e2c22.gcp.gvt2.com failed:
8월 25, 2023 17:51:42.453 ----- Certificate i=0 (CN=*.gcp.gvt2.com) -----
8월 25, 2023 17:51:42.453 ERROR: Time is after notAfter
8월 25, 2023 17:51:42.454 
8월 25, 2023 17:51:42.454 
8월 25, 2023 18:15:31.540 [11532:10184:0825/181531.540:ERROR:cert_verify_proc_builtin.cc(701)] CertVerifyProcBuiltin for e2c41.gcp.gvt2.com failed:
8월 25, 2023 18:15:31.540 ----- Certificate i=0 (CN=*.gcp.gvt2.com) -----
8월 25, 2023 18:15:31.540 ERROR: Time is after notAfter
8월 25, 2023 18:15:31.541 
8월 25, 2023 18:15:31.541 
8월 25, 2023 18:52:51.505 [11532:10184:0825/185251.505:ERROR:cert_verify_proc_builtin.cc(701)] CertVerifyProcBuiltin for e2c64.gcp.gvt2.com failed:
8월 25, 2023 18:52:51.505 ----- Certificate i=0 (CN=*.gcp.gvt2.com) -----
8월 25, 2023 18:52:51.505 ERROR: Time is after notAfter
8월 25, 2023 18:52:51.506 
8월 25, 2023 18:52:51.506 
8월 25, 2023 18:53:58.428 [11532:10184:0825/185358.428:ERROR:cert_verify_proc_builtin.cc(701)] CertVerifyProcBuiltin for e2c17.gcp.gvt2.com failed:
8월 25, 2023 18:53:58.428 ----- Certificate i=0 (CN=*.gcp.gvt2.com) -----
8월 25, 2023 18:53:58.429 ERROR: Time is after notAfter
8월 25, 2023 18:53:58.429 
8월 25, 2023 18:53:58.429 
8월 25, 2023 18:53:59.498 [11532:10184:0825/185359.497:ERROR:cert_verify_proc_builtin.cc(701)] CertVerifyProcBuiltin for e2c45.gcp.gvt2.com failed:
8월 25, 2023 18:53:59.498 ----- Certificate i=0 (CN=*.gcp.gvt2.com) -----
8월 25, 2023 18:53:59.498 ERROR: Time is after notAfter
8월 25, 2023 18:53:59.499 
8월 25, 2023 18:53:59.499 
8월 25, 2023 18:58:42.346 [11532:10184:0825/185842.346:ERROR:cert_verify_proc_builtin.cc(701)] CertVerifyProcBuiltin for e2c46.gcp.gvt2.com failed:
8월 25, 2023 18:58:42.346 ----- Certificate i=0 (CN=*.gcp.gvt2.com) -----
8월 25, 2023 18:58:42.347 ERROR: Time is after notAfter
8월 25, 2023 18:58:42.347 
8월 25, 2023 18:58:42.347 

8월 28, 2023 09:42:52.454 NEW SESSION
8월 28, 2023 09:42:52.455 INFO: Created TensorFlow Lite XNNPACK delegate for CPU.
8월 28, 2023 10:00:48.986 [10400:11420:0828/100048.986:ERROR:cert_verify_proc_builtin.cc(701)] CertVerifyProcBuiltin for e2c15.gcp.gvt2.com failed:
8월 28, 2023 10:00:48.986 ----- Certificate i=0 (CN=*.gcp.gvt2.com) -----
8월 28, 2023 10:00:48.986 ERROR: Time is after notAfter
8월 28, 2023 10:00:48.987 
8월 28, 2023 10:00:48.987 
8월 28, 2023 10:01:53.549 [10400:11420:0828/100153.549:ERROR:cert_verify_proc_builtin.cc(701)] CertVerifyProcBuiltin for beacons.gcp.gvt2.com failed:
8월 28, 2023 10:01:53.550 ----- Certificate i=0 (CN=*.gcp.gvt2.com) -----
8월 28, 2023 10:01:53.550 ERROR: Time is after notAfter
8월 28, 2023 10:01:53.550 
8월 28, 2023 10:01:53.550 
8월 28, 2023 11:00:52.869 [10400:11420:0828/110052.868:ERROR:cert_verify_proc_builtin.cc(701)] CertVerifyProcBuiltin for beacons.gcp.gvt2.com failed:
8월 28, 2023 11:00:52.869 ----- Certificate i=0 (CN=*.gcp.gvt2.com) -----
8월 28, 2023 11:00:52.869 ERROR: Time is after notAfter
8월 28, 2023 11:00:52.870 
8월 28, 2023 11:00:52.870 
8월 28, 2023 11:00:52.994 [10400:11420:0828/110052.994:ERROR:cert_verify_proc_builtin.cc(701)] CertVerifyProcBuiltin for e2c34.gcp.gvt2.com failed:
8월 28, 2023 11:00:52.995 ----- Certificate i=0 (CN=*.gcp.gvt2.com) -----
8월 28, 2023 11:00:52.995 ERROR: Time is after notAfter
8월 28, 2023 11:00:52.995 
8월 28, 2023 11:00:52.995 
8월 28, 2023 11:07:24.227 [10400:11420:0828/110724.227:ERROR:cert_verify_proc_builtin.cc(701)] CertVerifyProcBuiltin for e2c39.gcp.gvt2.com failed:
8월 28, 2023 11:07:24.227 ----- Certificate i=0 (CN=*.gcp.gvt2.com) -----
8월 28, 2023 11:07:24.227 ERROR: Time is after notAfter
8월 28, 2023 11:07:24.228 
8월 28, 2023 11:07:24.228 
8월 28, 2023 11:07:27.823 [10400:11420:0828/110727.823:ERROR:cert_verify_proc_builtin.cc(701)] CertVerifyProcBuiltin for e2c26.gcp.gvt2.com failed:
8월 28, 2023 11:07:27.824 ----- Certificate i=0 (CN=*.gcp.gvt2.com) -----
8월 28, 2023 11:07:27.824 ERROR: Time is after notAfter
8월 28, 2023 11:07:27.824 
8월 28, 2023 11:07:27.824 
8월 28, 2023 11:07:28.69 [10400:11420:0828/110728.069:ERROR:cert_verify_proc_builtin.cc(701)] CertVerifyProcBuiltin for e2c55.gcp.gvt2.com failed:
8월 28, 2023 11:07:28.69 ----- Certificate i=0 (CN=*.gcp.gvt2.com) -----
8월 28, 2023 11:07:28.69 ERROR: Time is after notAfter
8월 28, 2023 11:07:28.70 
8월 28, 2023 11:07:28.70 
8월 28, 2023 11:07:29.510 [10400:11420:0828/110729.510:ERROR:cert_verify_proc_builtin.cc(701)] CertVerifyProcBuiltin for e2c3.gcp.gvt2.com failed:
8월 28, 2023 11:07:29.511 ----- Certificate i=0 (CN=*.gcp.gvt2.com) -----
8월 28, 2023 11:07:29.511 ERROR: Time is after notAfter
8월 28, 2023 11:07:29.511 
8월 28, 2023 11:07:29.511 
8월 28, 2023 11:07:56.831 [10400:11420:0828/110756.831:ERROR:cert_verify_proc_builtin.cc(701)] CertVerifyProcBuiltin for e2c37.gcp.gvt2.com failed:
8월 28, 2023 11:07:56.831 ----- Certificate i=0 (CN=*.gcp.gvt2.com) -----
8월 28, 2023 11:07:56.832 ERROR: Time is after notAfter
8월 28, 2023 11:07:56.832 
8월 28, 2023 11:07:56.832 
8월 28, 2023 11:07:58.639 [10400:11420:0828/110758.638:ERROR:cert_verify_proc_builtin.cc(701)] CertVerifyProcBuiltin for e2c40.gcp.gvt2.com failed:
8월 28, 2023 11:07:58.639 ----- Certificate i=0 (CN=*.gcp.gvt2.com) -----
8월 28, 2023 11:07:58.639 ERROR: Time is after notAfter
8월 28, 2023 11:07:58.639 
8월 28, 2023 11:07:58.640 
8월 28, 2023 12:15:52.980 [10400:11420:0828/121552.980:ERROR:cert_verify_proc_builtin.cc(701)] CertVerifyProcBuiltin for e2c28.gcp.gvt2.com failed:
8월 28, 2023 12:15:52.981 ----- Certificate i=0 (CN=*.gcp.gvt2.com) -----
8월 28, 2023 12:15:52.981 ERROR: Time is after notAfter
8월 28, 2023 12:15:52.982 
8월 28, 2023 12:15:52.982 
8월 28, 2023 12:16:41.911 [10400:11420:0828/121641.911:ERROR:cert_verify_proc_builtin.cc(701)] CertVerifyProcBuiltin for beacons.gcp.gvt2.com failed:
8월 28, 2023 12:16:41.911 ----- Certificate i=0 (CN=*.gcp.gvt2.com) -----
8월 28, 2023 12:16:41.912 ERROR: Time is after notAfter
8월 28, 2023 12:16:41.912 
8월 28, 2023 12:16:41.912 
8월 28, 2023 15:23:36.44 [10400:8428:0828/152336.044:ERROR:interface_endpoint_client.cc(702)] Message 0 rejected by interface blink.mojom.WidgetHost
8월 28, 2023 15:32:37.758 [10400:11420:0828/153237.758:ERROR:cert_verify_proc_builtin.cc(701)] CertVerifyProcBuiltin for e2c33.gcp.gvt2.com failed:
8월 28, 2023 15:32:37.759 ----- Certificate i=0 (CN=*.gcp.gvt2.com) -----
8월 28, 2023 15:32:37.759 ERROR: Time is after notAfter
8월 28, 2023 15:32:37.759 
8월 28, 2023 15:32:37.759 
8월 28, 2023 15:32:37.760 [10400:10136:0828/153237.758:ERROR:cert_verify_proc_builtin.cc(701)] CertVerifyProcBuiltin for beacons.gcp.gvt2.com failed:
8월 28, 2023 15:32:37.760 ----- Certificate i=0 (CN=*.gcp.gvt2.com) -----
8월 28, 2023 15:32:37.760 ERROR: Time is after notAfter
8월 28, 2023 15:32:37.760 
8월 28, 2023 15:32:37.760 
8월 28, 2023 15:33:26.668 [10400:11420:0828/153326.668:ERROR:cert_verify_proc_builtin.cc(701)] CertVerifyProcBuiltin for e2c34.gcp.gvt2.com failed:
8월 28, 2023 15:33:26.669 ----- Certificate i=0 (CN=*.gcp.gvt2.com) -----
8월 28, 2023 15:33:26.669 ERROR: Time is after notAfter
8월 28, 2023 15:33:26.669 
8월 28, 2023 15:33:26.670 

8월 28, 2023 17:27:48.525 NEW SESSION
8월 28, 2023 17:27:48.525 INFO: Created TensorFlow Lite XNNPACK delegate for CPU.
8월 28, 2023 17:59:01.583 [11968:3700:0828/175901.583:ERROR:cert_verify_proc_builtin.cc(701)] CertVerifyProcBuiltin for e2c3.gcp.gvt2.com failed:
8월 28, 2023 17:59:01.583 ----- Certificate i=0 (CN=*.gcp.gvt2.com) -----
8월 28, 2023 17:59:01.584 ERROR: Time is after notAfter
8월 28, 2023 17:59:01.584 
8월 28, 2023 17:59:01.584 

8월 29, 2023 09:30:04.912 NEW SESSION
8월 29, 2023 09:30:04.912 INFO: Created TensorFlow Lite XNNPACK delegate for CPU.
8월 29, 2023 09:31:04.286 [11456:5956:0829/093104.285:ERROR:cert_verify_proc_builtin.cc(701)] CertVerifyProcBuiltin for e2c58.gcp.gvt2.com failed:
8월 29, 2023 09:31:04.286 ----- Certificate i=0 (CN=*.gcp.gvt2.com) -----
8월 29, 2023 09:31:04.286 ERROR: Time is after notAfter
8월 29, 2023 09:31:04.287 
8월 29, 2023 09:31:04.287 
8월 29, 2023 10:16:14.105 [11456:5956:0829/101614.105:ERROR:cert_verify_proc_builtin.cc(701)] CertVerifyProcBuiltin for e2c28.gcp.gvt2.com failed:
8월 29, 2023 10:16:14.106 ----- Certificate i=0 (CN=*.gcp.gvt2.com) -----
8월 29, 2023 10:16:14.106 ERROR: Time is after notAfter
8월 29, 2023 10:16:14.106 
8월 29, 2023 10:16:14.106 
8월 29, 2023 10:18:13.372 [11456:5956:0829/101813.371:ERROR:cert_verify_proc_builtin.cc(701)] CertVerifyProcBuiltin for beacons.gcp.gvt2.com failed:
8월 29, 2023 10:18:13.372 ----- Certificate i=0 (CN=*.gcp.gvt2.com) -----
8월 29, 2023 10:18:13.372 ERROR: Time is after notAfter
8월 29, 2023 10:18:13.372 
8월 29, 2023 10:18:13.373 
8월 29, 2023 10:40:37.557 [11456:5956:0829/104037.557:ERROR:cert_verify_proc_builtin.cc(701)] CertVerifyProcBuiltin for semantics.kr failed:
8월 29, 2023 10:40:37.558 ----- Certificate i=0 (O=My Company Ltd,L=Newbury,ST=Berkshire,C=GB) -----
8월 29, 2023 10:40:37.558 ERROR: No matching issuer found
8월 29, 2023 10:40:37.558 
8월 29, 2023 10:40:37.559 
8월 29, 2023 10:40:56.879 [11456:5956:0829/104056.878:ERROR:cert_verify_proc_builtin.cc(701)] CertVerifyProcBuiltin for e2c24.gcp.gvt2.com failed:
8월 29, 2023 10:40:56.879 ----- Certificate i=0 (CN=*.gcp.gvt2.com) -----
8월 29, 2023 10:40:56.879 ERROR: Time is after notAfter
8월 29, 2023 10:40:56.880 
8월 29, 2023 10:40:56.880 
8월 29, 2023 10:42:10.313 [11456:5956:0829/104210.313:ERROR:cert_verify_proc_builtin.cc(701)] CertVerifyProcBuiltin for e2cs51.gcp.gvt2.com failed:
8월 29, 2023 10:42:10.313 ----- Certificate i=0 (CN=*.gcp.gvt2.com) -----
8월 29, 2023 10:42:10.313 ERROR: Time is after notAfter
8월 29, 2023 10:42:10.314 
8월 29, 2023 10:42:10.314 
8월 29, 2023 10:56:25.320 [11456:5956:0829/105625.320:ERROR:cert_verify_proc_builtin.cc(701)] CertVerifyProcBuiltin for beacons.gcp.gvt2.com failed:
8월 29, 2023 10:56:25.320 ----- Certificate i=0 (CN=*.gcp.gvt2.com) -----
8월 29, 2023 10:56:25.321 ERROR: Time is after notAfter
8월 29, 2023 10:56:25.321 
8월 29, 2023 10:56:25.321 
8월 29, 2023 11:33:52.658 [11456:5956:0829/113352.657:ERROR:cert_verify_proc_builtin.cc(701)] CertVerifyProcBuiltin for beacons.gcp.gvt2.com failed:
8월 29, 2023 11:33:52.658 ----- Certificate i=0 (CN=*.gcp.gvt2.com) -----
8월 29, 2023 11:33:52.658 ERROR: Time is after notAfter
8월 29, 2023 11:33:52.659 
8월 29, 2023 11:33:52.659 
8월 29, 2023 11:34:51.759 [11456:5956:0829/113451.759:ERROR:cert_verify_proc_builtin.cc(701)] CertVerifyProcBuiltin for e2c56.gcp.gvt2.com failed:
8월 29, 2023 11:34:51.760 ----- Certificate i=0 (CN=*.gcp.gvt2.com) -----
8월 29, 2023 11:34:51.760 ERROR: Time is after notAfter
8월 29, 2023 11:34:51.760 
8월 29, 2023 11:34:51.761 
8월 29, 2023 11:37:16.118 [11456:5956:0829/113716.118:ERROR:cert_verify_proc_builtin.cc(701)] CertVerifyProcBuiltin for e2c40.gcp.gvt2.com failed:
8월 29, 2023 11:37:16.119 ----- Certificate i=0 (CN=*.gcp.gvt2.com) -----
8월 29, 2023 11:37:16.119 ERROR: Time is after notAfter
8월 29, 2023 11:37:16.119 
8월 29, 2023 11:37:16.119 
8월 29, 2023 11:38:56.121 [11456:5956:0829/113856.120:ERROR:cert_verify_proc_builtin.cc(701)] CertVerifyProcBuiltin for e2c19.gcp.gvt2.com failed:
8월 29, 2023 11:38:56.121 ----- Certificate i=0 (CN=*.gcp.gvt2.com) -----
8월 29, 2023 11:38:56.121 ERROR: Time is after notAfter
8월 29, 2023 11:38:56.121 
8월 29, 2023 11:38:56.122 
8월 29, 2023 12:17:25.868 [11456:5956:0829/121725.868:ERROR:cert_verify_proc_builtin.cc(701)] CertVerifyProcBuiltin for beacons.gcp.gvt2.com failed:
8월 29, 2023 12:17:25.869 ----- Certificate i=0 (CN=*.gcp.gvt2.com) -----
8월 29, 2023 12:17:25.869 ERROR: Time is after notAfter
8월 29, 2023 12:17:25.869 
8월 29, 2023 12:17:25.870 
8월 29, 2023 12:18:55.913 [11456:5956:0829/121855.912:ERROR:cert_verify_proc_builtin.cc(701)] CertVerifyProcBuiltin for e2c27.gcp.gvt2.com failed:
8월 29, 2023 12:18:55.913 ----- Certificate i=0 (CN=*.gcp.gvt2.com) -----
8월 29, 2023 12:18:55.913 ERROR: Time is after notAfter
8월 29, 2023 12:18:55.914 
8월 29, 2023 12:18:55.914 
8월 29, 2023 13:18:22.728 [11456:5956:0829/131822.728:ERROR:cert_verify_proc_builtin.cc(701)] CertVerifyProcBuiltin for beacons.gcp.gvt2.com failed:
8월 29, 2023 13:18:22.728 ----- Certificate i=0 (CN=*.gcp.gvt2.com) -----
8월 29, 2023 13:18:22.729 ERROR: Time is after notAfter
8월 29, 2023 13:18:22.729 
8월 29, 2023 13:18:22.729 
8월 29, 2023 13:59:21.426 [11456:5956:0829/135921.425:ERROR:cert_verify_proc_builtin.cc(701)] CertVerifyProcBuiltin for beacons.gcp.gvt2.com failed:
8월 29, 2023 13:59:21.426 ----- Certificate i=0 (CN=*.gcp.gvt2.com) -----
8월 29, 2023 13:59:21.426 ERROR: Time is after notAfter
8월 29, 2023 13:59:21.427 
8월 29, 2023 13:59:21.427 
8월 29, 2023 14:00:11.714 [11456:5956:0829/140011.714:ERROR:cert_verify_proc_builtin.cc(701)] CertVerifyProcBuiltin for e2c15.gcp.gvt2.com failed:
8월 29, 2023 14:00:11.714 ----- Certificate i=0 (CN=*.gcp.gvt2.com) -----
8월 29, 2023 14:00:11.715 ERROR: Time is after notAfter
8월 29, 2023 14:00:11.715 
8월 29, 2023 14:00:11.715 
8월 29, 2023 14:23:37.583 [11456:7020:0829/142337.583:ERROR:device_event_log_impl.cc(222)] [14:23:37.583] USB: usb_service_win.cc:104 SetupDiGetDeviceProperty({{A45C254E-DF1C-4EFD-8020-67D146A850E0}, 6}) failed: 요소가 없습니다. (0x490)
8월 29, 2023 14:42:09.112 [11456:5956:0829/144209.112:ERROR:cert_verify_proc_builtin.cc(701)] CertVerifyProcBuiltin for beacons.gcp.gvt2.com failed:
8월 29, 2023 14:42:09.112 ----- Certificate i=0 (CN=*.gcp.gvt2.com) -----
8월 29, 2023 14:42:09.113 ERROR: Time is after notAfter
8월 29, 2023 14:42:09.113 
8월 29, 2023 14:42:09.113 
8월 29, 2023 15:34:37.412 [11456:5956:0829/153437.411:ERROR:cert_verify_proc_builtin.cc(701)] CertVerifyProcBuiltin for beacons.gcp.gvt2.com failed:
8월 29, 2023 15:34:37.412 ----- Certificate i=0 (CN=*.gcp.gvt2.com) -----
8월 29, 2023 15:34:37.412 ERROR: Time is after notAfter
8월 29, 2023 15:34:37.413 
8월 29, 2023 15:34:37.413 
8월 29, 2023 16:14:31.125 [11456:5956:0829/161431.125:ERROR:cert_verify_proc_builtin.cc(701)] CertVerifyProcBuiltin for beacons.gcp.gvt2.com failed:
8월 29, 2023 16:14:31.125 ----- Certificate i=0 (CN=*.gcp.gvt2.com) -----
8월 29, 2023 16:14:31.126 ERROR: Time is after notAfter
8월 29, 2023 16:14:31.126 
8월 29, 2023 16:14:31.126 
8월 29, 2023 17:22:27.453 [11456:5956:0829/172227.453:ERROR:cert_verify_proc_builtin.cc(701)] CertVerifyProcBuiltin for beacons.gcp.gvt2.com failed:
8월 29, 2023 17:22:27.454 ----- Certificate i=0 (CN=*.gcp.gvt2.com) -----
8월 29, 2023 17:22:27.454 ERROR: Time is after notAfter
8월 29, 2023 17:22:27.454 
8월 29, 2023 17:22:27.455 
8월 29, 2023 17:28:05.860 [11456:5956:0829/172805.859:ERROR:cert_verify_proc_builtin.cc(701)] CertVerifyProcBuiltin for e2c63.gcp.gvt2.com failed:
8월 29, 2023 17:28:05.860 ----- Certificate i=0 (CN=*.gcp.gvt2.com) -----
8월 29, 2023 17:28:05.861 ERROR: Time is after notAfter
8월 29, 2023 17:28:05.861 
8월 29, 2023 17:28:05.861 
